[0m21:28:04.397020 [debug] [MainThread]: Sending event: {'category': 'dbt', 'action': 'invocation', 'label': 'start', 'context': [<snowplow_tracker.self_describing_json.SelfDescribingJson object at 0x104d9b750>, <snowplow_tracker.self_describing_json.SelfDescribingJson object at 0x104d5b010>, <snowplow_tracker.self_describing_json.SelfDescribingJson object at 0x104dc1150>]}


============================== 21:28:04.399117 | 990f7b65-c854-4e6f-8b52-12f058cafd7d ==============================
[0m21:28:04.399117 [info ] [MainThread]: Running with dbt=1.11.9
[0m21:28:04.399380 [debug] [MainThread]: running dbt with arguments {'profiles_dir': '/Users/hemanth/.dbt', 'target_path': 'None', 'quiet': 'False', 'log_path': 'logs', 'fail_fast': 'False', 'write_json': 'True', 'introspect': 'True', 'warn_error_options': 'WarnErrorOptionsV2(error=[], warn=[], silence=[])', 'cache_selected_only': 'False', 'empty': 'None', 'warn_error': 'None', 'printer_width': '80', 'use_experimental_parser': 'False', 'static_parser': 'True', 'send_anonymous_usage_stats': 'True', 'use_colors': 'True', 'invocation_command': 'dbt init alpha_fund', 'log_cache_events': 'False', 'version_check': 'True', 'no_print': 'None', 'partial_parse': 'True', 'debug': 'False', 'log_format': 'default', 'indirect_selection': 'eager'}
[0m21:28:04.407830 [debug] [MainThread]: Starter project path: /Users/hemanth/Desktop/alpha-fund-pipeline/.venv/lib/python3.11/site-packages/dbt/include/starter_project
[0m21:28:04.411572 [info ] [MainThread]: 
Your new dbt project "alpha_fund" was created!

For more information on how to configure the profiles.yml file,
please consult the dbt documentation here:

  https://docs.getdbt.com/docs/configure-your-profile

One more thing:

Need help? Don't hesitate to reach out to us via GitHub issues or on Slack:

  https://community.getdbt.com/

Happy modeling!

[0m21:28:04.411772 [info ] [MainThread]: Setting up your profile.
[0m21:28:48.070361 [debug] [MainThread]: Resource report: {"command_name": "init", "command_success": true, "command_wall_clock_time": 43.711555, "process_in_blocks": "0", "process_kernel_time": 0.128216, "process_mem_max_rss": "114933760", "process_out_blocks": "0", "process_user_time": 0.61154}
[0m21:28:48.070926 [debug] [MainThread]: Command `dbt init` succeeded at 21:28:48.070853 after 43.71 seconds
[0m21:28:48.071156 [debug] [MainThread]: Sending event: {'category': 'dbt', 'action': 'invocation', 'label': 'end', 'context': [<snowplow_tracker.self_describing_json.SelfDescribingJson object at 0x104dc0b50>, <snowplow_tracker.self_describing_json.SelfDescribingJson object at 0x104dc0ed0>, <snowplow_tracker.self_describing_json.SelfDescribingJson object at 0x1004773d0>]}
[0m21:28:48.071363 [debug] [MainThread]: Flushing usage events
[0m21:28:48.258428 [debug] [MainThread]: An error was encountered while trying to flush usage events
